#
# There is insufficient memory for the Java Runtime Environment to continue.
# Native memory allocation (malloc) failed to allocate 1164416 bytes for Chunk::new
# Possible reasons:
#   The system is out of physical RAM or swap space
#   In 32 bit mode, the process size limit was hit
# Possible solutions:
#   Reduce memory load on the system
#   Increase physical memory or swap space
#   Check if swap backing store is full
#   Use 64 bit Java on a 64 bit OS
#   Decrease Java heap size (-Xmx/-Xms)
#   Decrease number of Java threads
#   Decrease Java thread stack sizes (-Xss)
#   Set larger code cache with -XX:ReservedCodeCacheSize=
# This output file may be truncated or incomplete.
#
#  Out of Memory Error (allocation.cpp:390), pid=16888, tid=0x0000000000003cfc
#
# JRE version: OpenJDK Runtime Environment (8.0_152-b02) (build 1.8.0_152-release-1024-b02)
# Java VM: OpenJDK 64-Bit Server VM (25.152-b02 mixed mode windows-amd64 compressed oops)
# Failed to write core dump. Minidumps are not enabled by default on client versions of Windows
#

---------------  T H R E A D  ---------------

Current thread (0x000000001f66c800):  JavaThread "C2 CompilerThread0" daemon [_thread_in_native, id=15612, stack(0x000000001fe40000,0x000000001ff40000)]

Stack: [0x000000001fe40000,0x000000001ff40000]
[error occurred during error reporting (printing stack bounds), id 0xc0000005]

Native frames: (J=compiled Java code, j=interpreted, Vv=VM code, C=native code)


Current CompileTask:
C2:   1841 1349   !   4       java.net.URLClassLoader$1::run (63 bytes)


---------------  P R O C E S S  ---------------

Java Threads: ( => current thread )
  0x00000000216d8000 JavaThread "Stdin handler" [_thread_blocked, id=9748, stack(0x0000000023c80000,0x0000000023d80000)]
  0x00000000216d5000 JavaThread "Asynchronous log dispatcher for DefaultDaemonConnection: socket connection from /127.0.0.1:54085 to /127.0.0.1:54086" [_thread_blocked, id=8336, stack(0x0000000023a80000,0x0000000023b80000)]
  0x0000000021698000 JavaThread "Daemon worker" [_thread_in_vm, id=8988, stack(0x0000000023980000,0x0000000023a80000)]
  0x00000000215de800 JavaThread "Cancel handler" [_thread_blocked, id=8264, stack(0x0000000023880000,0x0000000023980000)]
  0x00000000213cf000 JavaThread "pool-1-thread-1" [_thread_blocked, id=9944, stack(0x0000000023780000,0x0000000023880000)]
  0x00000000213c6800 JavaThread "Handler for socket connection from /127.0.0.1:54085 to /127.0.0.1:54086" [_thread_in_native, id=6244, stack(0x0000000023680000,0x0000000023780000)]
  0x00000000213c6000 JavaThread "Daemon" [_thread_blocked, id=10192, stack(0x0000000023580000,0x0000000023680000)]
  0x000000002135f800 JavaThread "Incoming local TCP Connector on port 54085" [_thread_in_native, id=9576, stack(0x0000000022be0000,0x0000000022ce0000)]
  0x000000001f6ff800 JavaThread "Service Thread" daemon [_thread_blocked, id=14316, stack(0x0000000020240000,0x0000000020340000)]
  0x000000001d78e000 JavaThread "C1 CompilerThread3" daemon [_thread_in_vm, id=14604, stack(0x0000000020140000,0x0000000020240000)]
  0x000000001d789000 JavaThread "C2 CompilerThread2" daemon [_thread_in_native, id=5020, stack(0x0000000020040000,0x0000000020140000)]
  0x000000001f66f800 JavaThread "C2 CompilerThread1" daemon [_thread_blocked, id=12808, stack(0x000000001ff40000,0x0000000020040000)]
=>0x000000001f66c800 JavaThread "C2 CompilerThread0" daemon [_thread_in_native, id=15612, stack(0x000000001fe40000,0x000000001ff40000)]
  0x000000001f66c000 JavaThread "Attach Listener" daemon [_thread_blocked, id=14360, stack(0x000000001fd40000,0x000000001fe40000)]
  0x000000001f675800 JavaThread "Signal Dispatcher" daemon [_thread_blocked, id=13616, stack(0x000000001fc40000,0x000000001fd40000)]
  0x000000001f660800 JavaThread "Finalizer" daemon [_thread_blocked, id=14488, stack(0x000000001fa40000,0x000000001fb40000)]
  0x0000000002947000 JavaThread "Reference Handler" daemon [_thread_blocked, id=7332, stack(0x000000001f540000,0x000000001f640000)]
  0x00000000005fd800 JavaThread "main" [_thread_blocked, id=13948, stack(0x0000000002730000,0x0000000002830000)]

Other Threads:
  0x000000001d777800 VMThread [stack: 0x000000001f440000,0x000000001f540000] [id=9648]
  0x000000001f700000 WatcherThread [stack: 0x0000000020340000,0x0000000020440000] [id=14728]

VM state:not at safepoint (normal execution)

VM Mutex/Monitor currently owned by a thread: None

Heap:
 PSYoungGen      total 37888K, used 7615K [0x0000000760000000, 0x0000000762a00000, 0x00000007c0000000)
  eden space 32768K, 7% used [0x0000000760000000,0x00000007602744f8,0x0000000762000000)
  from space 5120K, 99% used [0x0000000762000000,0x00000007624fb898,0x0000000762500000)
  to   space 5120K, 0% used [0x0000000762500000,0x0000000762500000,0x0000000762a00000)
 ParOldGen       total 86016K, used 3977K [0x00000006a0000000, 0x00000006a5400000, 0x0000000760000000)
  object space 86016K, 4% used [0x00000006a0000000,0x00000006a03e2420,0x00000006a5400000)
 Metaspace       used 16950K, capacity 17246K, committed 17408K, reserved 1064960K
  class space    used 2367K, capacity 2478K, committed 2560K, reserved 1048576K

Card table byte_map: [0x0000000011d20000,0x0000000012630000] byte_map_base: 0x000000000e820000

Marking Bits: (ParMarkBitMap*) 0x0000000060854970
 Begin Bits: [0x0000000013430000, 0x0000000017c30000)
 End Bits:   [0x0000000017c30000, 0x000000001c430000)

Polling page: 0x0000000000f70000

CodeCache: size=245760Kb used=4842Kb max_used=4842Kb free=240917Kb
 bounds [0x0000000002960000, 0x0000000002e20000, 0x0000000011960000]
 total_blobs=1801 nmethods=1410 adapters=303
 compilation: enabled

Compilation events (10 events):
Event: 1.818 Thread 0x000000001d78e000 1404       3       org.codehaus.groovy.util.AbstractConcurrentMap$Segment::getOrPut (121 bytes)
Event: 1.819 Thread 0x000000001d78e000 nmethod 1404 0x0000000002e14590 code [0x0000000002e147a0, 0x0000000002e15728]
Event: 1.819 Thread 0x000000001d78e000 1400       3       org.codehaus.groovy.reflection.GroovyClassValuePreJava7::get (18 bytes)
Event: 1.819 Thread 0x000000001d78e000 nmethod 1400 0x0000000002e15c90 code [0x0000000002e15e40, 0x0000000002e16598]
Event: 1.819 Thread 0x000000001d78e000 1401       3       org.codehaus.groovy.util.AbstractConcurrentMap::getOrPut (17 bytes)
Event: 1.819 Thread 0x000000001d78e000 nmethod 1401 0x0000000002e16910 code [0x0000000002e16aa0, 0x0000000002e16f78]
Event: 1.819 Thread 0x000000001d78e000 1402       3       org.codehaus.groovy.util.ManagedConcurrentMap$Entry::isEqual (22 bytes)
Event: 1.820 Thread 0x000000001d78e000 nmethod 1402 0x0000000002e171d0 code [0x0000000002e17340, 0x0000000002e176c8]
Event: 1.820 Thread 0x000000001d78e000 1403       3       org.codehaus.groovy.util.AbstractConcurrentMapBase::hash (36 bytes)
Event: 1.820 Thread 0x000000001d78e000 nmethod 1403 0x0000000002e177d0 code [0x0000000002e17940, 0x0000000002e17ac8]

GC Heap History (6 events):
Event: 0.567 GC heap before
{Heap before GC invocations=1 (full 0):
 PSYoungGen      total 37888K, used 32517K [0x0000000760000000, 0x0000000762a00000, 0x00000007c0000000)
  eden space 32768K, 99% used [0x0000000760000000,0x0000000761fc17d8,0x0000000762000000)
  from space 5120K, 0% used [0x0000000762500000,0x0000000762500000,0x0000000762a00000)
  to   space 5120K, 0% used [0x0000000762000000,0x0000000762000000,0x0000000762500000)
 ParOldGen       total 86016K, used 0K [0x00000006a0000000, 0x00000006a5400000, 0x0000000760000000)
  object space 86016K, 0% used [0x00000006a0000000,0x00000006a0000000,0x00000006a5400000)
 Metaspace       used 6921K, capacity 7076K, committed 7296K, reserved 1056768K
  class space    used 848K, capacity 888K, committed 896K, reserved 1048576K
Event: 0.570 GC heap after
Heap after GC invocations=1 (full 0):
 PSYoungGen      total 37888K, used 4463K [0x0000000760000000, 0x0000000762a00000, 0x00000007c0000000)
  eden space 32768K, 0% used [0x0000000760000000,0x0000000760000000,0x0000000762000000)
  from space 5120K, 87% used [0x0000000762000000,0x000000076245bc20,0x0000000762500000)
  to   space 5120K, 0% used [0x0000000762500000,0x0000000762500000,0x0000000762a00000)
 ParOldGen       total 86016K, used 8K [0x00000006a0000000, 0x00000006a5400000, 0x0000000760000000)
  object space 86016K, 0% used [0x00000006a0000000,0x00000006a0002000,0x00000006a5400000)
 Metaspace       used 6921K, capacity 7076K, committed 7296K, reserved 1056768K
  class space    used 848K, capacity 888K, committed 896K, reserved 1048576K
}
Event: 1.346 GC heap before
{Heap before GC invocations=2 (full 0):
 PSYoungGen      total 37888K, used 37231K [0x0000000760000000, 0x0000000762a00000, 0x00000007c0000000)
  eden space 32768K, 100% used [0x0000000760000000,0x0000000762000000,0x0000000762000000)
  from space 5120K, 87% used [0x0000000762000000,0x000000076245bc20,0x0000000762500000)
  to   space 5120K, 0% used [0x0000000762500000,0x0000000762500000,0x0000000762a00000)
 ParOldGen       total 86016K, used 8K [0x00000006a0000000, 0x00000006a5400000, 0x0000000760000000)
  object space 86016K, 0% used [0x00000006a0000000,0x00000006a0002000,0x00000006a5400000)
 Metaspace       used 13041K, capacity 13414K, committed 13696K, reserved 1060864K
  class space    used 1740K, capacity 1866K, committed 1920K, reserved 1048576K
Event: 1.351 GC heap after
Heap after GC invocations=2 (full 0):
 PSYoungGen      total 37888K, used 5097K [0x0000000760000000, 0x0000000762a00000, 0x00000007c0000000)
  eden space 32768K, 0% used [0x0000000760000000,0x0000000760000000,0x0000000762000000)
  from space 5120K, 99% used [0x0000000762500000,0x00000007629fa548,0x0000000762a00000)
  to   space 5120K, 0% used [0x0000000762000000,0x0000000762000000,0x0000000762500000)
 ParOldGen       total 86016K, used 905K [0x00000006a0000000, 0x00000006a5400000, 0x0000000760000000)
  object space 86016K, 1% used [0x00000006a0000000,0x00000006a00e2638,0x00000006a5400000)
 Metaspace       used 13041K, capacity 13414K, committed 13696K, reserved 1060864K
  class space    used 1740K, capacity 1866K, committed 1920K, reserved 1048576K
}
Event: 1.761 GC heap before
{Heap before GC invocations=3 (full 0):
 PSYoungGen      total 37888K, used 37865K [0x0000000760000000, 0x0000000762a00000, 0x00000007c0000000)
  eden space 32768K, 100% used [0x0000000760000000,0x0000000762000000,0x0000000762000000)
  from space 5120K, 99% used [0x0000000762500000,0x00000007629fa548,0x0000000762a00000)
  to   space 5120K, 0% used [0x0000000762000000,0x0000000762000000,0x0000000762500000)
 ParOldGen       total 86016K, used 905K [0x00000006a0000000, 0x00000006a5400000, 0x0000000760000000)
  object space 86016K, 1% used [0x00000006a0000000,0x00000006a00e2638,0x00000006a5400000)
 Metaspace       used 16646K, capacity 16990K, committed 17280K, reserved 1064960K
  class space    used 2309K, capacity 2414K, committed 2432K, reserved 1048576K
Event: 1.767 GC heap after
Heap after GC invocations=3 (full 0):
 PSYoungGen      total 37888K, used 5102K [0x0000000760000000, 0x0000000762a00000, 0x00000007c0000000)
  eden space 32768K, 0% used [0x0000000760000000,0x0000000760000000,0x0000000762000000)
  from space 5120K, 99% used [0x0000000762000000,0x00000007624fb898,0x0000000762500000)
  to   space 5120K, 0% used [0x0000000762500000,0x0000000762500000,0x0000000762a00000)
 ParOldGen       total 86016K, used 3977K [0x00000006a0000000, 0x00000006a5400000, 0x0000000760000000)
  object space 86016K, 4% used [0x00000006a0000000,0x00000006a03e2420,0x00000006a5400000)
 Metaspace       used 16646K, capacity 16990K, committed 17280K, reserved 1064960K
  class space    used 2309K, capacity 2414K, committed 2432K, reserved 1048576K
}

Deoptimization events (10 events):
Event: 1.198 Thread 0x00000000005fd800 Uncommon trap: reason=unstable_if action=reinterpret pc=0x0000000002b96e1c method=java.lang.String$CaseInsensitiveComparator.compare(Ljava/lang/String;Ljava/lang/String;)I @ 26
Event: 1.203 Thread 0x00000000005fd800 Uncommon trap: reason=unstable_if action=reinterpret pc=0x0000000002c44130 method=java.util.LinkedHashMap.afterNodeInsertion(Z)V @ 1
Event: 1.218 Thread 0x00000000005fd800 Uncommon trap: reason=unstable_if action=reinterpret pc=0x0000000002bb232c method=sun.misc.MetaIndex.mayContain(Ljava/lang/String;)Z @ 38
Event: 1.316 Thread 0x0000000021698000 Uncommon trap: reason=bimorphic action=maybe_recompile pc=0x0000000002c791ec method=java.util.HashMap.putVal(ILjava/lang/Object;Ljava/lang/Object;ZZ)Ljava/lang/Object; @ 253
Event: 1.316 Thread 0x0000000021698000 Uncommon trap: reason=bimorphic action=maybe_recompile pc=0x0000000002c791ec method=java.util.HashMap.putVal(ILjava/lang/Object;Ljava/lang/Object;ZZ)Ljava/lang/Object; @ 253
Event: 1.419 Thread 0x0000000021698000 Uncommon trap: reason=class_check action=maybe_recompile pc=0x0000000002bc7e74 method=java.util.regex.Matcher.match(II)Z @ 86
Event: 1.420 Thread 0x0000000021698000 Uncommon trap: reason=class_check action=maybe_recompile pc=0x0000000002bc7e74 method=java.util.regex.Matcher.match(II)Z @ 86
Event: 1.549 Thread 0x0000000021698000 Uncommon trap: reason=unstable_if action=reinterpret pc=0x0000000002ab4188 method=java.net.URI.match(CJJ)Z @ 19
Event: 1.549 Thread 0x0000000021698000 Uncommon trap: reason=unstable_if action=reinterpret pc=0x0000000002bf1198 method=java.net.URI.match(CJJ)Z @ 19
Event: 1.549 Thread 0x0000000021698000 Uncommon trap: reason=unstable_if action=reinterpret pc=0x0000000002ab3a88 method=java.net.URI.match(CJJ)Z @ 19

Classes redefined (0 events):
No events

Internal exceptions (10 events):
Event: 1.293 Thread 0x00000000213c6800 Exception <a 'java/lang/NoSuchMethodError': <clinit>> (0x00000007619fce70) thrown at [D:\src\AOSP-openjdk-cygwin\jdk8u\hotspot\src\share\vm\prims\jni.cpp, line 1613]
Event: 1.295 Thread 0x00000000213c6800 Exception <a 'java/lang/NoSuchMethodError': <clinit>> (0x0000000761a1f7c0) thrown at [D:\src\AOSP-openjdk-cygwin\jdk8u\hotspot\src\share\vm\prims\jni.cpp, line 1613]
Event: 1.310 Thread 0x0000000021698000 Exception <a 'java/lang/NoSuchMethodError': <clinit>> (0x0000000761b22ce8) thrown at [D:\src\AOSP-openjdk-cygwin\jdk8u\hotspot\src\share\vm\prims\jni.cpp, line 1613]
Event: 1.310 Thread 0x0000000021698000 Exception <a 'java/lang/NoSuchMethodError': <clinit>> (0x0000000761b2af70) thrown at [D:\src\AOSP-openjdk-cygwin\jdk8u\hotspot\src\share\vm\prims\jni.cpp, line 1613]
Event: 1.332 Thread 0x0000000021698000 Exception <a 'java/lang/ArrayIndexOutOfBoundsException'> (0x0000000761d77fe8) thrown at [D:\src\AOSP-openjdk-cygwin\jdk8u\hotspot\src\share\vm\runtime\sharedRuntime.cpp, line 605]
Event: 1.339 Thread 0x0000000021698000 Exception <a 'java/lang/ArrayIndexOutOfBoundsException'> (0x0000000761e48fa0) thrown at [D:\src\AOSP-openjdk-cygwin\jdk8u\hotspot\src\share\vm\runtime\sharedRuntime.cpp, line 605]
Event: 1.571 Thread 0x0000000021698000 Exception <a 'java/lang/NoSuchMethodError': <clinit>> (0x0000000761b528d0) thrown at [D:\src\AOSP-openjdk-cygwin\jdk8u\hotspot\src\share\vm\prims\jni.cpp, line 1613]
Event: 1.572 Thread 0x0000000021698000 Exception <a 'java/lang/NoSuchMethodError': <clinit>> (0x0000000761b550a0) thrown at [D:\src\AOSP-openjdk-cygwin\jdk8u\hotspot\src\share\vm\prims\jni.cpp, line 1613]
Event: 1.572 Thread 0x0000000021698000 Exception <a 'java/lang/NoSuchMethodError': <clinit>> (0x0000000761b61380) thrown at [D:\src\AOSP-openjdk-cygwin\jdk8u\hotspot\src\share\vm\prims\jni.cpp, line 1613]
Event: 1.573 Thread 0x0000000021698000 Exception <a 'java/lang/NoSuchMethodError': <clinit>> (0x0000000761b6b960) thrown at [D:\src\AOSP-openjdk-cygwin\jdk8u\hotspot\src\share\vm\prims\jni.cpp, line 1613]

Events (10 events):
Event: 1.814 loading class groovy/lang/Closure$WritableClosure
Event: 1.814 loading class groovy/lang/Closure$WritableClosure done
Event: 1.814 loading class groovy/lang/TrampolineClosure
Event: 1.814 loading class groovy/lang/TrampolineClosure done
Event: 1.815 loading class org/codehaus/groovy/reflection/CachedMethod$MyComparator
Event: 1.815 loading class org/codehaus/groovy/reflection/CachedMethod$MyComparator done
Event: 1.815 loading class org/codehaus/groovy/reflection/CachedClass$CachedMethodComparatorByName
Event: 1.815 loading class org/codehaus/groovy/reflection/CachedClass$CachedMethodComparatorByName done
Event: 1.819 loading class java/time/Instant
Event: 1.819 loading class java/time/temporal/Temporal


Dynamic libraries:
0x00007ff76b0b0000 - 0x00007ff76b0e1000 	C:\Program Files\Android\Android Studio\jre\bin\java.exe
0x00007ffd596e0000 - 0x00007ffd598c1000 	C:\WINDOWS\SYSTEM32\ntdll.dll
0x00007ffd571f0000 - 0x00007ffd572a2000 	C:\WINDOWS\System32\KERNEL32.DLL
0x00007ffd565e0000 - 0x00007ffd56853000 	C:\WINDOWS\System32\KERNELBASE.dll
0x00007ffd56b70000 - 0x00007ffd56c11000 	C:\WINDOWS\System32\ADVAPI32.dll
0x00007ffd580c0000 - 0x00007ffd5815e000 	C:\WINDOWS\System32\msvcrt.dll
0x00007ffd57fd0000 - 0x00007ffd5802b000 	C:\WINDOWS\System32\sechost.dll
0x00007ffd575e0000 - 0x00007ffd57704000 	C:\WINDOWS\System32\RPCRT4.dll
0x00007ffd578e0000 - 0x00007ffd57a70000 	C:\WINDOWS\System32\USER32.dll
0x00007ffd56b50000 - 0x00007ffd56b70000 	C:\WINDOWS\System32\win32u.dll
0x00007ffd56fa0000 - 0x00007ffd56fc8000 	C:\WINDOWS\System32\GDI32.dll
0x00007ffd56260000 - 0x00007ffd563f2000 	C:\WINDOWS\System32\gdi32full.dll
0x00007ffd561c0000 - 0x00007ffd5625f000 	C:\WINDOWS\System32\msvcp_win.dll
0x00007ffd56400000 - 0x00007ffd564fa000 	C:\WINDOWS\System32\ucrtbase.dll
0x00007ffd4d400000 - 0x00007ffd4d669000 	C:\WINDOWS\WinSxS\amd64_microsoft.windows.common-controls_6595b64144ccf1df_6.0.17134.112_none_fb3f961b30681c12\COMCTL32.dll
0x00007ffd572b0000 - 0x00007ffd575d3000 	C:\WINDOWS\System32\combase.dll
0x00007ffd56500000 - 0x00007ffd5657a000 	C:\WINDOWS\System32\bcryptPrimitives.dll
0x00007ffd58090000 - 0x00007ffd580bd000 	C:\WINDOWS\System32\IMM32.DLL
0x00000000622c0000 - 0x0000000062392000 	C:\Program Files\Android\Android Studio\jre\jre\bin\msvcr100.dll
0x0000000060090000 - 0x00000000608cf000 	C:\Program Files\Android\Android Studio\jre\jre\bin\server\jvm.dll
0x00007ffd59620000 - 0x00007ffd59628000 	C:\WINDOWS\System32\PSAPI.DLL
0x00007ffd4b9d0000 - 0x00007ffd4b9d9000 	C:\WINDOWS\SYSTEM32\WSOCK32.dll
0x00007ffd4dae0000 - 0x00007ffd4daea000 	C:\WINDOWS\SYSTEM32\VERSION.dll
0x00007ffd4a750000 - 0x00007ffd4a773000 	C:\WINDOWS\SYSTEM32\WINMM.dll
0x00007ffd595b0000 - 0x00007ffd5961c000 	C:\WINDOWS\System32\WS2_32.dll
0x00007ffd4a720000 - 0x00007ffd4a74a000 	C:\WINDOWS\SYSTEM32\WINMMBASE.dll
0x00007ffd56b00000 - 0x00007ffd56b49000 	C:\WINDOWS\System32\cfgmgr32.dll
0x00007ffd4fa40000 - 0x00007ffd4fa4f000 	C:\Program Files\Android\Android Studio\jre\jre\bin\verify.dll
0x00007ffd48fc0000 - 0x00007ffd48fe9000 	C:\Program Files\Android\Android Studio\jre\jre\bin\java.dll
0x00007ffd48bc0000 - 0x00007ffd48bd6000 	C:\Program Files\Android\Android Studio\jre\jre\bin\zip.dll
0x00007ffd58160000 - 0x00007ffd595a0000 	C:\WINDOWS\System32\SHELL32.dll
0x00007ffd57a70000 - 0x00007ffd57b19000 	C:\WINDOWS\System32\shcore.dll
0x00007ffd55ab0000 - 0x00007ffd561bd000 	C:\WINDOWS\System32\windows.storage.dll
0x00007ffd56f40000 - 0x00007ffd56f91000 	C:\WINDOWS\System32\shlwapi.dll
0x00007ffd55a70000 - 0x00007ffd55a81000 	C:\WINDOWS\System32\kernel.appcore.dll
0x00007ffd55a40000 - 0x00007ffd55a5f000 	C:\WINDOWS\System32\profapi.dll
0x00007ffd559f0000 - 0x00007ffd55a3c000 	C:\WINDOWS\System32\powrprof.dll
0x00007ffd55a60000 - 0x00007ffd55a6a000 	C:\WINDOWS\System32\FLTLIB.DLL
0x00007ffd48b70000 - 0x00007ffd48b8a000 	C:\Program Files\Android\Android Studio\jre\jre\bin\net.dll
0x00007ffd55210000 - 0x00007ffd55276000 	C:\WINDOWS\system32\mswsock.dll
0x00007ffd48b00000 - 0x00007ffd48b11000 	C:\Program Files\Android\Android Studio\jre\jre\bin\nio.dll
0x00007ffd41d10000 - 0x00007ffd41d2e000 	C:\Users\kafye\.gradle\native\23\windows-amd64\native-platform.dll
0x00007ffd553c0000 - 0x00007ffd553d7000 	C:\WINDOWS\SYSTEM32\CRYPTSP.dll
0x00007ffd54df0000 - 0x00007ffd54e23000 	C:\WINDOWS\system32\rsaenh.dll
0x00007ffd554f0000 - 0x00007ffd55515000 	C:\WINDOWS\SYSTEM32\bcrypt.dll
0x00007ffd55920000 - 0x00007ffd55948000 	C:\WINDOWS\SYSTEM32\USERENV.dll
0x00007ffd553e0000 - 0x00007ffd553eb000 	C:\WINDOWS\SYSTEM32\CRYPTBASE.dll
0x00007ffd54f90000 - 0x00007ffd54fc8000 	C:\WINDOWS\SYSTEM32\IPHLPAPI.DLL
0x00007ffd57730000 - 0x00007ffd57738000 	C:\WINDOWS\System32\NSI.dll
0x00007ffd4fca0000 - 0x00007ffd4fcb6000 	C:\WINDOWS\SYSTEM32\dhcpcsvc6.DLL
0x00007ffd4f9d0000 - 0x00007ffd4f9ea000 	C:\WINDOWS\SYSTEM32\dhcpcsvc.DLL
0x00007ffd4e870000 - 0x00007ffd4e87d000 	C:\Program Files\Android\Android Studio\jre\jre\bin\management.dll

VM Arguments:
jvm_args: -Xmx4608M -Dfile.encoding=windows-1252 -Duser.country=US -Duser.language=en -Duser.variant 
java_command: org.gradle.launcher.daemon.bootstrap.GradleDaemon 3.3
java_class_path (initial): C:\Users\kafye\.gradle\wrapper\dists\gradle-3.3-all\55gk2rcmfc6p2dg9u9ohc3hw9\gradle-3.3\lib\gradle-launcher-3.3.jar
Launcher Type: SUN_STANDARD

Environment Variables:
PATH=C:\Program Files (x86)\Intel\iCLS Client\;C:\ProgramData\Oracle\Java\javapath;C:\Program Files\Intel\iCLS Client\;C:\windows\system32;C:\windows;C:\windows\System32\Wbem;C:\windows\System32\WindowsPowerShell\v1.0\;C:\Program Files (x86)\NVIDIA Corporation\PhysX\Common;C:\Program Files\PuTTY\;C:\Program Files (x86)\Skype\Phone\;C:\Program Files (x86)\GtkSharp\2.12\bin;C:\WINDOWS\system32;C:\WINDOWS;C:\WINDOWS\System32\Wbem;C:\WINDOWS\System32\WindowsPowerShell\v1.0\;C:\Program Files (x86)\Intel\Intel(R) Management Engine Components\DAL;C:\Program Files\Intel\Intel(R) Management Engine Components\DAL;C:\Program Files (x86)\Intel\Intel(R) Management Engine Components\IPT;C:\Program Files\Intel\Intel(R) Management Engine Components\IPT;C:\Program Files\Intel\WiFi\bin\;C:\Program Files\Common Files\Intel\WirelessCommon\;C:\WINDOWS\System32\OpenSSH\;C:\Program Files\Git\cmd;C:\Users\kafye\AppData\Local\Microsoft\WindowsApps;
USERNAME=kafye
OS=Windows_NT
PROCESSOR_IDENTIFIER=Intel64 Family 6 Model 158 Stepping 9, GenuineIntel



---------------  S Y S T E M  ---------------

OS: Windows 10.0 , 64 bit Build 17134 (10.0.17134.1)

CPU:total 8 (initial active 8) (4 cores per cpu, 2 threads per core) family 6 model 158 stepping 9, cmov, cx8, fxsr, mmx, sse, sse2, sse3, ssse3, sse4.1, sse4.2, popcnt, avx, avx2, aes, clmul, erms, 3dnowpref, lzcnt, ht, tsc, tscinvbit, bmi1, bmi2, adx

Memory: 4k page, physical 8236772k(2932668k free), swap 33402596k(5648k free)

vm_info: OpenJDK 64-Bit Server VM (25.152-b02) for windows-amd64 JRE (1.8.0_152-release-1024-b02), built by "builder" with MS VC++ 10.0 (VS2010)

time: Fri Jun 22 10:14:08 2018
elapsed time: 1 seconds (0d 0h 0m 1s)

